<?xml version="1.0" encoding="UTF-8"?>
<testng-results skipped="0" failed="0" ignored="0" total="1" passed="1">
  <reporter-output>
  </reporter-output>
  <suite name="Default suite" duration-ms="269198" started-at="2019-07-08T02:24:01Z" finished-at="2019-07-08T02:28:30Z">
    <groups>
    </groups>
    <test name="Default test" duration-ms="269198" started-at="2019-07-08T02:24:01Z" finished-at="2019-07-08T02:28:30Z">
      <class name="lowes.ContactManager">
        <test-method status="PASS" signature="ContactManager()[pri:0, instance:lowes.ContactManager@343f4d3d]" name="ContactManager" duration-ms="269108" started-at="2019-07-08T02:24:01Z" finished-at="2019-07-08T02:28:30Z">
          <reporter-output>
          </reporter-output>
        </test-method> <!-- ContactManager -->
      </class> <!-- lowes.ContactManager -->
    </test> <!-- Default test -->
  </suite> <!-- Default suite -->
</testng-results>
